<?xml version="1.0" encoding="UTF-8"?>
<testng-results ignored="0" total="1" passed="1" failed="0" skipped="0">
  <reporter-output>
  </reporter-output>
  <suite started-at="2025-07-29T13:44:37 IST" name="Default suite" finished-at="2025-07-29T13:44:43 IST" duration-ms="5348">
    <groups>
    </groups>
    <test started-at="2025-07-29T13:44:37 IST" name="Default test" finished-at="2025-07-29T13:44:43 IST" duration-ms="5348">
      <class name="ExtentReports.AddingScreenshotIntoReport">
        <test-method signature="addingScreenshot()[pri:0, instance:ExtentReports.AddingScreenshotIntoReport@6f1de4c7]" started-at="2025-07-29T13:44:37 IST" name="addingScreenshot" finished-at="2025-07-29T13:44:43 IST" duration-ms="5294" status="PASS">
          <reporter-output>
          </reporter-output>
        </test-method> <!-- addingScreenshot -->
      </class> <!-- ExtentReports.AddingScreenshotIntoReport -->
    </test> <!-- Default test -->
  </suite> <!-- Default suite -->
</testng-results>
